2017-06-20 09:48:30,418 INFO  [Version]  - Hibernate Commons Annotations 3.2.0.Final
2017-06-20 09:48:30,435 INFO  [Environment]  - Hibernate 3.6.6.Final
2017-06-20 09:48:30,447 INFO  [Environment]  - hibernate.properties not found
2017-06-20 09:48:30,452 INFO  [Environment]  - Bytecode provider name : javassist
2017-06-20 09:48:30,474 INFO  [Environment]  - using JDK 1.4 java.sql.Timestamp handling
2017-06-20 09:48:30,700 INFO  [AnnotationBinder]  - Binding entity from annotated class: pl.edu.pjatk.tau.domain.Computer
2017-06-20 09:48:30,724 INFO  [QueryBinder]  - Binding Named query: Computer.findAll => Select c from Computer c
2017-06-20 09:48:30,724 INFO  [QueryBinder]  - Binding Named query: Computer.byId => Select c from Computer  c where c.id = :id
2017-06-20 09:48:30,724 INFO  [QueryBinder]  - Binding Named query: Computer.byMark => Select c from Computer  c where c.mark = :mark
2017-06-20 09:48:30,724 INFO  [QueryBinder]  - Binding Named query: Computer.byPrice => Select c from Computer  c where c.price = :price
2017-06-20 09:48:30,755 INFO  [EntityBinder]  - Bind entity pl.edu.pjatk.tau.domain.Computer on table Computer
2017-06-20 09:48:30,813 INFO  [AnnotationBinder]  - Binding entity from annotated class: pl.edu.pjatk.tau.domain.Shop
2017-06-20 09:48:30,813 INFO  [QueryBinder]  - Binding Named query: shop.all => Select sh from Shop sh
2017-06-20 09:48:30,814 INFO  [QueryBinder]  - Binding Named query: Shop.byId => Select sh from Shop sh where sh.id = :id
2017-06-20 09:48:30,814 INFO  [QueryBinder]  - Binding Named query: Shop.byName => Select sh from Shop sh where sh.name = :name
2017-06-20 09:48:30,814 INFO  [EntityBinder]  - Bind entity pl.edu.pjatk.tau.domain.Shop on table Shop
2017-06-20 09:48:30,874 INFO  [Configuration]  - Hibernate Validator not found: ignoring
2017-06-20 09:48:30,882 INFO  [HibernateSearchEventListenerRegister]  - Unable to find org.hibernate.search.event.FullTextIndexEventListener on the classpath. Hibernate Search is not enabled.
2017-06-20 09:48:30,890 INFO  [ConnectionProviderFactory]  - Initializing connection provider: org.springframework.orm.hibernate3.LocalDataSourceConnectionProvider
2017-06-20 09:48:31,476 INFO  [ENGINE]  - Checkpoint start
2017-06-20 09:48:31,476 INFO  [ENGINE]  - checkpointClose start
2017-06-20 09:48:31,476 INFO  [ENGINE]  - checkpointClose synched
2017-06-20 09:48:31,482 INFO  [ENGINE]  - checkpointClose script done
2017-06-20 09:48:31,497 INFO  [ENGINE]  - checkpointClose end
2017-06-20 09:48:31,499 INFO  [ENGINE]  - Checkpoint end - txts: 1
2017-06-20 09:48:31,565 INFO  [Dialect]  - Using dialect: org.hibernate.dialect.HSQLDialect
2017-06-20 09:48:31,600 INFO  [SettingsFactory]  - Database ->
       name : HSQL Database Engine
    version : 2.3.4
      major : 2
      minor : 3
2017-06-20 09:48:31,601 INFO  [SettingsFactory]  - Driver ->
       name : HSQL Database Engine Driver
    version : 2.3.4
      major : 2
      minor : 3
2017-06-20 09:48:31,607 INFO  [TransactionFactoryFactory]  - Transaction strategy: org.springframework.orm.hibernate3.SpringTransactionFactory
2017-06-20 09:48:31,610 INFO  [TransactionManagerLookupFactory]  - No TransactionManagerLookup configured (in JTA environment, use of read-write or transactional second-level cache is not recommended)
2017-06-20 09:48:31,610 INFO  [SettingsFactory]  - Automatic flush during beforeCompletion(): disabled
2017-06-20 09:48:31,610 INFO  [SettingsFactory]  - Automatic session close at end of transaction: disabled
2017-06-20 09:48:31,611 INFO  [SettingsFactory]  - JDBC batch size: 15
2017-06-20 09:48:31,611 INFO  [SettingsFactory]  - JDBC batch updates for versioned data: disabled
2017-06-20 09:48:31,612 INFO  [SettingsFactory]  - Scrollable result sets: enabled
2017-06-20 09:48:31,613 INFO  [SettingsFactory]  - JDBC3 getGeneratedKeys(): enabled
2017-06-20 09:48:31,613 INFO  [SettingsFactory]  - Connection release mode: auto
2017-06-20 09:48:31,614 INFO  [SettingsFactory]  - Default batch fetch size: 1
2017-06-20 09:48:31,615 INFO  [SettingsFactory]  - Generate SQL with comments: disabled
2017-06-20 09:48:31,615 INFO  [SettingsFactory]  - Order SQL updates by primary key: disabled
2017-06-20 09:48:31,615 INFO  [SettingsFactory]  - Order SQL inserts for batching: disabled
2017-06-20 09:48:31,615 INFO  [SettingsFactory]  - Query translator: org.hibernate.hql.ast.ASTQueryTranslatorFactory
2017-06-20 09:48:31,653 INFO  [ASTQueryTranslatorFactory]  - Using ASTQueryTranslatorFactory
2017-06-20 09:48:31,653 INFO  [SettingsFactory]  - Query language substitutions: {}
2017-06-20 09:48:31,653 INFO  [SettingsFactory]  - JPA-QL strict compliance: disabled
2017-06-20 09:48:31,653 INFO  [SettingsFactory]  - Second-level cache: enabled
2017-06-20 09:48:31,654 INFO  [SettingsFactory]  - Query cache: disabled
2017-06-20 09:48:31,654 INFO  [SettingsFactory]  - Cache region factory : org.hibernate.cache.impl.NoCachingRegionFactory
2017-06-20 09:48:31,655 INFO  [SettingsFactory]  - Optimize cache for minimal puts: disabled
2017-06-20 09:48:31,656 INFO  [SettingsFactory]  - Structured second-level cache entries: disabled
2017-06-20 09:48:31,662 INFO  [SettingsFactory]  - Echoing all SQL to stdout
2017-06-20 09:48:31,663 INFO  [SettingsFactory]  - Statistics: disabled
2017-06-20 09:48:31,663 INFO  [SettingsFactory]  - Deleted entity synthetic identifier rollback: disabled
2017-06-20 09:48:31,664 INFO  [SettingsFactory]  - Default entity-mode: pojo
2017-06-20 09:48:31,664 INFO  [SettingsFactory]  - Named query checking : enabled
2017-06-20 09:48:31,664 INFO  [SettingsFactory]  - Check Nullability in Core (should be disabled when Bean Validation is on): enabled
2017-06-20 09:48:31,693 INFO  [SessionFactoryImpl]  - building session factory
2017-06-20 09:48:31,702 INFO  [BasicTypeRegistry]  - Type registration [wrapper_materialized_blob] overrides previous : org.hibernate.type.WrappedMaterializedBlobType@7d15a969
2017-06-20 09:48:31,702 INFO  [BasicTypeRegistry]  - Type registration [materialized_clob] overrides previous : org.hibernate.type.MaterializedClobType@19256ca7
2017-06-20 09:48:31,703 INFO  [BasicTypeRegistry]  - Type registration [characters_clob] overrides previous : org.hibernate.type.PrimitiveCharacterArrayClobType@680054d6
2017-06-20 09:48:31,703 INFO  [BasicTypeRegistry]  - Type registration [blob] overrides previous : org.hibernate.type.BlobType@6dc1e2f1
2017-06-20 09:48:31,703 INFO  [BasicTypeRegistry]  - Type registration [java.sql.Blob] overrides previous : org.hibernate.type.BlobType@6dc1e2f1
2017-06-20 09:48:31,703 INFO  [BasicTypeRegistry]  - Type registration [clob] overrides previous : org.hibernate.type.ClobType@541a7482
2017-06-20 09:48:31,703 INFO  [BasicTypeRegistry]  - Type registration [java.sql.Clob] overrides previous : org.hibernate.type.ClobType@541a7482
2017-06-20 09:48:31,704 INFO  [BasicTypeRegistry]  - Type registration [materialized_blob] overrides previous : org.hibernate.type.MaterializedBlobType@14d72df1
2017-06-20 09:48:31,704 INFO  [BasicTypeRegistry]  - Type registration [wrapper_characters_clob] overrides previous : org.hibernate.type.CharacterArrayClobType@3b0933e7
2017-06-20 09:48:32,017 INFO  [SessionFactoryObjectFactory]  - Not binding factory to JNDI, no JNDI name configured
2017-06-20 09:48:32,031 INFO  [SchemaExport]  - Running hbm2ddl schema export
2017-06-20 09:48:32,033 INFO  [SchemaExport]  - exporting generated schema to database
2017-06-20 09:48:32,044 INFO  [SchemaExport]  - schema export complete
2017-06-20 09:48:33,053 WARN  [AbstractTableMetaData]  - Potential problem found: The configured data type factory 'class org.dbunit.dataset.datatype.DefaultDataTypeFactory' might cause problems with the current database 'HSQL Database Engine' (e.g. some datatypes may not be supported properly). In rare cases you might see this message because the list of supported database products is incomplete (list=[derby]). If so please request a java-class update via the forums.If you are using your own IDataTypeFactory extending DefaultDataTypeFactory, ensure that you override getValidDbProducts() to specify the supported database products.
2017-06-20 09:48:33,072 WARN  [AbstractTableMetaData]  - Potential problem found: The configured data type factory 'class org.dbunit.dataset.datatype.DefaultDataTypeFactory' might cause problems with the current database 'HSQL Database Engine' (e.g. some datatypes may not be supported properly). In rare cases you might see this message because the list of supported database products is incomplete (list=[derby]). If so please request a java-class update via the forums.If you are using your own IDataTypeFactory extending DefaultDataTypeFactory, ensure that you override getValidDbProducts() to specify the supported database products.
2017-06-20 09:48:33,077 WARN  [AbstractTableMetaData]  - Potential problem found: The configured data type factory 'class org.dbunit.dataset.datatype.DefaultDataTypeFactory' might cause problems with the current database 'HSQL Database Engine' (e.g. some datatypes may not be supported properly). In rare cases you might see this message because the list of supported database products is incomplete (list=[derby]). If so please request a java-class update via the forums.If you are using your own IDataTypeFactory extending DefaultDataTypeFactory, ensure that you override getValidDbProducts() to specify the supported database products.
2017-06-20 09:48:33,304 WARN  [AbstractTableMetaData]  - Potential problem found: The configured data type factory 'class org.dbunit.dataset.datatype.DefaultDataTypeFactory' might cause problems with the current database 'HSQL Database Engine' (e.g. some datatypes may not be supported properly). In rare cases you might see this message because the list of supported database products is incomplete (list=[derby]). If so please request a java-class update via the forums.If you are using your own IDataTypeFactory extending DefaultDataTypeFactory, ensure that you override getValidDbProducts() to specify the supported database products.
2017-06-20 09:48:33,309 WARN  [AbstractTableMetaData]  - Potential problem found: The configured data type factory 'class org.dbunit.dataset.datatype.DefaultDataTypeFactory' might cause problems with the current database 'HSQL Database Engine' (e.g. some datatypes may not be supported properly). In rare cases you might see this message because the list of supported database products is incomplete (list=[derby]). If so please request a java-class update via the forums.If you are using your own IDataTypeFactory extending DefaultDataTypeFactory, ensure that you override getValidDbProducts() to specify the supported database products.
2017-06-20 09:48:33,319 WARN  [AbstractTableMetaData]  - Potential problem found: The configured data type factory 'class org.dbunit.dataset.datatype.DefaultDataTypeFactory' might cause problems with the current database 'HSQL Database Engine' (e.g. some datatypes may not be supported properly). In rare cases you might see this message because the list of supported database products is incomplete (list=[derby]). If so please request a java-class update via the forums.If you are using your own IDataTypeFactory extending DefaultDataTypeFactory, ensure that you override getValidDbProducts() to specify the supported database products.
2017-06-20 09:48:33,461 WARN  [AbstractTableMetaData]  - Potential problem found: The configured data type factory 'class org.dbunit.dataset.datatype.DefaultDataTypeFactory' might cause problems with the current database 'HSQL Database Engine' (e.g. some datatypes may not be supported properly). In rare cases you might see this message because the list of supported database products is incomplete (list=[derby]). If so please request a java-class update via the forums.If you are using your own IDataTypeFactory extending DefaultDataTypeFactory, ensure that you override getValidDbProducts() to specify the supported database products.
2017-06-20 09:48:33,466 WARN  [AbstractTableMetaData]  - Potential problem found: The configured data type factory 'class org.dbunit.dataset.datatype.DefaultDataTypeFactory' might cause problems with the current database 'HSQL Database Engine' (e.g. some datatypes may not be supported properly). In rare cases you might see this message because the list of supported database products is incomplete (list=[derby]). If so please request a java-class update via the forums.If you are using your own IDataTypeFactory extending DefaultDataTypeFactory, ensure that you override getValidDbProducts() to specify the supported database products.
2017-06-20 09:48:33,470 WARN  [AbstractTableMetaData]  - Potential problem found: The configured data type factory 'class org.dbunit.dataset.datatype.DefaultDataTypeFactory' might cause problems with the current database 'HSQL Database Engine' (e.g. some datatypes may not be supported properly). In rare cases you might see this message because the list of supported database products is incomplete (list=[derby]). If so please request a java-class update via the forums.If you are using your own IDataTypeFactory extending DefaultDataTypeFactory, ensure that you override getValidDbProducts() to specify the supported database products.
2017-06-20 09:48:33,572 WARN  [AbstractTableMetaData]  - Potential problem found: The configured data type factory 'class org.dbunit.dataset.datatype.DefaultDataTypeFactory' might cause problems with the current database 'HSQL Database Engine' (e.g. some datatypes may not be supported properly). In rare cases you might see this message because the list of supported database products is incomplete (list=[derby]). If so please request a java-class update via the forums.If you are using your own IDataTypeFactory extending DefaultDataTypeFactory, ensure that you override getValidDbProducts() to specify the supported database products.
2017-06-20 09:48:33,576 WARN  [AbstractTableMetaData]  - Potential problem found: The configured data type factory 'class org.dbunit.dataset.datatype.DefaultDataTypeFactory' might cause problems with the current database 'HSQL Database Engine' (e.g. some datatypes may not be supported properly). In rare cases you might see this message because the list of supported database products is incomplete (list=[derby]). If so please request a java-class update via the forums.If you are using your own IDataTypeFactory extending DefaultDataTypeFactory, ensure that you override getValidDbProducts() to specify the supported database products.
2017-06-20 09:48:33,580 WARN  [AbstractTableMetaData]  - Potential problem found: The configured data type factory 'class org.dbunit.dataset.datatype.DefaultDataTypeFactory' might cause problems with the current database 'HSQL Database Engine' (e.g. some datatypes may not be supported properly). In rare cases you might see this message because the list of supported database products is incomplete (list=[derby]). If so please request a java-class update via the forums.If you are using your own IDataTypeFactory extending DefaultDataTypeFactory, ensure that you override getValidDbProducts() to specify the supported database products.
2017-06-20 09:48:33,666 WARN  [AbstractTableMetaData]  - Potential problem found: The configured data type factory 'class org.dbunit.dataset.datatype.DefaultDataTypeFactory' might cause problems with the current database 'HSQL Database Engine' (e.g. some datatypes may not be supported properly). In rare cases you might see this message because the list of supported database products is incomplete (list=[derby]). If so please request a java-class update via the forums.If you are using your own IDataTypeFactory extending DefaultDataTypeFactory, ensure that you override getValidDbProducts() to specify the supported database products.
2017-06-20 09:48:33,670 WARN  [AbstractTableMetaData]  - Potential problem found: The configured data type factory 'class org.dbunit.dataset.datatype.DefaultDataTypeFactory' might cause problems with the current database 'HSQL Database Engine' (e.g. some datatypes may not be supported properly). In rare cases you might see this message because the list of supported database products is incomplete (list=[derby]). If so please request a java-class update via the forums.If you are using your own IDataTypeFactory extending DefaultDataTypeFactory, ensure that you override getValidDbProducts() to specify the supported database products.
2017-06-20 09:48:33,673 WARN  [AbstractTableMetaData]  - Potential problem found: The configured data type factory 'class org.dbunit.dataset.datatype.DefaultDataTypeFactory' might cause problems with the current database 'HSQL Database Engine' (e.g. some datatypes may not be supported properly). In rare cases you might see this message because the list of supported database products is incomplete (list=[derby]). If so please request a java-class update via the forums.If you are using your own IDataTypeFactory extending DefaultDataTypeFactory, ensure that you override getValidDbProducts() to specify the supported database products.
2017-06-20 09:48:33,719 INFO  [SessionFactoryImpl]  - closing
